[debug] [2023-10-04T18:44:12.946Z] ----------------------------------------------------------------------
[debug] [2023-10-04T18:44:12.948Z] Command:       C:\Program Files\nodejs\node.exe C:\Users\karim\AppData\Roaming\npm\node_modules\firebase-tools\lib\bin\firebase.js init emulators
[debug] [2023-10-04T18:44:12.948Z] CLI Version:   12.6.1
[debug] [2023-10-04T18:44:12.948Z] Platform:      win32
[debug] [2023-10-04T18:44:12.948Z] Node Version:  v18.17.1
[debug] [2023-10-04T18:44:12.949Z] Time:          Thu Oct 05 2023 00:14:12 GMT+0530 (India Standard Time)
[debug] [2023-10-04T18:44:12.949Z] ----------------------------------------------------------------------
[debug] 
[debug] [2023-10-04T18:44:13.009Z] > command requires scopes: ["email","openid","https://www.googleapis.com/auth/cloudplatformprojects.readonly","https://www.googleapis.com/auth/firebase","https://www.googleapis.com/auth/cloud-platform"]
[debug] [2023-10-04T18:44:13.010Z] > authorizing via signed-in user (karim.inshira@gmail.com)
[info] 
     ######## #### ########  ######## ########     ###     ######  ########
     ##        ##  ##     ## ##       ##     ##  ##   ##  ##       ##
     ######    ##  ########  ######   ########  #########  ######  ######
     ##        ##  ##    ##  ##       ##     ## ##     ##       ## ##
     ##       #### ##     ## ######## ########  ##     ##  ######  ########

You're about to initialize a Firebase project in this directory:

  C:\Users\karim\Desktop\VSGit\amazon-ecommerce-clone\amazon-ecommerce-clone

Before we get started, keep in mind:

  * You are initializing within an existing Firebase project directory

[info] 
=== Project Setup
[info] 
[info] First, let's associate this project directory with a Firebase project.
[info] You can create multiple project aliases by running firebase use --add, 
[info] but for now we'll just set up a default project.
[info] 
[debug] [2023-10-04T18:44:15.855Z] Using project from CLI flag: e-clone-d1acb
[debug] [2023-10-04T18:44:15.856Z] > refreshing access token with scopes: []
[debug] [2023-10-04T18:44:15.858Z] >>> [apiv2][query] POST https://www.googleapis.com/oauth2/v3/token [none]
[debug] [2023-10-04T18:44:15.858Z] >>> [apiv2][body] POST https://www.googleapis.com/oauth2/v3/token [omitted]
[debug] [2023-10-04T18:44:16.220Z] <<< [apiv2][status] POST https://www.googleapis.com/oauth2/v3/token 200
[debug] [2023-10-04T18:44:16.221Z] <<< [apiv2][body] POST https://www.googleapis.com/oauth2/v3/token [omitted]
[debug] [2023-10-04T18:44:16.232Z] >>> [apiv2][query] GET https://firebase.googleapis.com/v1beta1/projects/e-clone-d1acb [none]
[debug] [2023-10-04T18:44:17.083Z] <<< [apiv2][status] GET https://firebase.googleapis.com/v1beta1/projects/e-clone-d1acb 200
[debug] [2023-10-04T18:44:17.083Z] <<< [apiv2][body] GET https://firebase.googleapis.com/v1beta1/projects/e-clone-d1acb {"projectId":"e-clone-d1acb","projectNumber":"639943286208","displayName":"amazone-clone","name":"projects/e-clone-d1acb","resources":{"hostingSite":"e-clone-d1acb"},"state":"ACTIVE","etag":"1_6fc77555-e95c-4cfb-b8e2-4823ca63b6e6"}
[info] i  Using project e-clone-d1acb (amazone-clone) 
[info] 
=== Emulators Setup
[debug] [2023-10-04T18:44:40.907Z] ----------------------------------------------------------------------
[debug] [2023-10-04T18:44:40.908Z] Command:       C:\Program Files\nodejs\node.exe C:\Users\karim\AppData\Roaming\npm\node_modules\firebase-tools\lib\bin\firebase.js emulators:start
[debug] [2023-10-04T18:44:40.909Z] CLI Version:   12.6.1
[debug] [2023-10-04T18:44:40.909Z] Platform:      win32
[debug] [2023-10-04T18:44:40.909Z] Node Version:  v18.17.1
[debug] [2023-10-04T18:44:40.910Z] Time:          Thu Oct 05 2023 00:14:40 GMT+0530 (India Standard Time)
[debug] [2023-10-04T18:44:40.910Z] ----------------------------------------------------------------------
[debug] 
[debug] [2023-10-04T18:44:40.997Z] > command requires scopes: ["email","openid","https://www.googleapis.com/auth/cloudplatformprojects.readonly","https://www.googleapis.com/auth/firebase","https://www.googleapis.com/auth/cloud-platform"]
[debug] [2023-10-04T18:44:40.998Z] > authorizing via signed-in user (karim.inshira@gmail.com)
[info] i  emulators: Starting emulators: functions, hosting {"metadata":{"emulator":{"name":"hub"},"message":"Starting emulators: functions, hosting"}}
[debug] [2023-10-04T18:44:41.009Z] [logging] Logging Emulator only supports listening on one address (127.0.0.1). Not listening on ::1
[debug] [2023-10-04T18:44:41.009Z] [hosting] Hosting Emulator only supports listening on one address (127.0.0.1). Not listening on ::1
[debug] [2023-10-04T18:44:41.009Z] assigned listening specs for emulators {"user":{"hub":[{"address":"127.0.0.1","family":"IPv4","port":4400},{"address":"::1","family":"IPv6","port":4400}],"ui":[{"address":"127.0.0.1","family":"IPv4","port":4000},{"address":"::1","family":"IPv6","port":4000}],"logging":[{"address":"127.0.0.1","family":"IPv4","port":4500}],"hosting":[{"address":"127.0.0.1","family":"IPv4","port":5000}]},"metadata":{"message":"assigned listening specs for emulators"}}
[debug] [2023-10-04T18:44:41.020Z] [hub] writing locator at C:\Users\karim\AppData\Local\Temp\hub-e-clone-d1acb.json
[debug] [2023-10-04T18:44:41.031Z] [functions] Functions Emulator only supports listening on one address (127.0.0.1). Not listening on ::1
[debug] [2023-10-04T18:44:41.031Z] [eventarc] Eventarc Emulator only supports listening on one address (127.0.0.1). Not listening on ::1
[debug] [2023-10-04T18:44:41.031Z] late-assigned ports for functions and eventarc emulators {"user":{"hub":[{"address":"127.0.0.1","family":"IPv4","port":4400},{"address":"::1","family":"IPv6","port":4400}],"ui":[{"address":"127.0.0.1","family":"IPv4","port":4000},{"address":"::1","family":"IPv6","port":4000}],"logging":[{"address":"127.0.0.1","family":"IPv4","port":4500}],"hosting":[{"address":"127.0.0.1","family":"IPv4","port":5000}],"functions":[{"address":"127.0.0.1","family":"IPv4","port":5001}],"eventarc":[{"address":"127.0.0.1","family":"IPv4","port":9299}]},"metadata":{"message":"late-assigned ports for functions and eventarc emulators"}}
[warn] !  functions: The following emulators are not running, calls to these services from the Functions emulator will affect production: auth, firestore, database, pubsub, storage {"metadata":{"emulator":{"name":"functions"},"message":"The following emulators are not running, calls to these services from the Functions emulator will affect production: \u001b[1mauth, firestore, database, pubsub, storage\u001b[22m"}}
[debug] [2023-10-04T18:44:41.039Z] defaultcredentials: writing to file C:\Users\karim\AppData\Roaming\firebase\karim_inshira_gmail.com_application_default_credentials.json
[debug] [2023-10-04T18:44:41.045Z] Setting GAC to C:\Users\karim\AppData\Roaming\firebase\karim_inshira_gmail.com_application_default_credentials.json {"metadata":{"emulator":{"name":"functions"},"message":"Setting GAC to C:\\Users\\karim\\AppData\\Roaming\\firebase\\karim_inshira_gmail.com_application_default_credentials.json"}}
[debug] [2023-10-04T18:44:41.047Z] >>> [apiv2][query] GET https://firebase.googleapis.com/v1beta1/projects/e-clone-d1acb/adminSdkConfig [none]
[debug] [2023-10-04T18:44:41.677Z] <<< [apiv2][status] GET https://firebase.googleapis.com/v1beta1/projects/e-clone-d1acb/adminSdkConfig 200
[debug] [2023-10-04T18:44:41.677Z] <<< [apiv2][body] GET https://firebase.googleapis.com/v1beta1/projects/e-clone-d1acb/adminSdkConfig {"projectId":"e-clone-d1acb","storageBucket":"e-clone-d1acb.appspot.com"}
[debug] [2023-10-04T18:44:41.696Z] >>> [apiv2][query] GET https://firebasehosting.googleapis.com/v1beta1/projects/e-clone-d1acb/sites 
[debug] [2023-10-04T18:44:43.087Z] <<< [apiv2][status] GET https://firebasehosting.googleapis.com/v1beta1/projects/e-clone-d1acb/sites 200
[debug] [2023-10-04T18:44:43.088Z] <<< [apiv2][body] GET https://firebasehosting.googleapis.com/v1beta1/projects/e-clone-d1acb/sites {"sites":[{"name":"projects/e-clone-d1acb/sites/e-clone-d1acb","defaultUrl":"https://e-clone-d1acb.web.app","appId":"1:639943286208:web:80fd9a146d119bf0093c25","type":"DEFAULT_SITE"}]}
[debug] [2023-10-04T18:44:43.088Z] >>> [apiv2][query] GET https://firebase.googleapis.com/v1beta1/projects/e-clone-d1acb/webApps/1:639943286208:web:80fd9a146d119bf0093c25/config [none]
[debug] [2023-10-04T18:44:44.216Z] <<< [apiv2][status] GET https://firebase.googleapis.com/v1beta1/projects/e-clone-d1acb/webApps/1:639943286208:web:80fd9a146d119bf0093c25/config 200
[debug] [2023-10-04T18:44:44.216Z] <<< [apiv2][body] GET https://firebase.googleapis.com/v1beta1/projects/e-clone-d1acb/webApps/1:639943286208:web:80fd9a146d119bf0093c25/config {"projectId":"e-clone-d1acb","appId":"1:639943286208:web:80fd9a146d119bf0093c25","storageBucket":"e-clone-d1acb.appspot.com","apiKey":"AIzaSyButIg5LvHswA-124pyTbKkF5EWfDzukO0","authDomain":"e-clone-d1acb.firebaseapp.com","messagingSenderId":"639943286208","measurementId":"G-SEY5BDEMX7"}
[debug] [2023-10-04T18:44:44.225Z] >>> [apiv2][query] GET https://firebase.googleapis.com/v1beta1/projects/e-clone-d1acb [none]
[debug] [2023-10-04T18:44:44.847Z] <<< [apiv2][status] GET https://firebase.googleapis.com/v1beta1/projects/e-clone-d1acb 200
[debug] [2023-10-04T18:44:44.847Z] <<< [apiv2][body] GET https://firebase.googleapis.com/v1beta1/projects/e-clone-d1acb {"projectId":"e-clone-d1acb","projectNumber":"639943286208","displayName":"amazone-clone","name":"projects/e-clone-d1acb","resources":{"hostingSite":"e-clone-d1acb"},"state":"ACTIVE","etag":"1_6fc77555-e95c-4cfb-b8e2-4823ca63b6e6"}
[info] i  hosting[e-clone-d1acb]: Serving hosting files from: build {"metadata":{"emulator":{"name":"hosting"},"message":"Serving hosting files from: \u001b[1mbuild\u001b[22m"}}
[info] +  hosting[e-clone-d1acb]: Local server: http://127.0.0.1:5000 {"metadata":{"emulator":{"name":"hosting"},"message":"Local server: \u001b[4m\u001b[1mhttp://127.0.0.1:5000\u001b[22m\u001b[24m"}}
[debug] [2023-10-04T18:44:44.864Z] Ignoring unsupported arg: auto_download {"metadata":{"emulator":{"name":"ui"},"message":"Ignoring unsupported arg: auto_download"}}
[debug] [2023-10-04T18:44:44.864Z] Ignoring unsupported arg: port {"metadata":{"emulator":{"name":"ui"},"message":"Ignoring unsupported arg: port"}}
[debug] [2023-10-04T18:44:44.864Z] Starting Emulator UI with command {"binary":"node","args":["C:\\Users\\karim\\.cache\\firebase\\emulators\\ui-v1.11.7\\server\\server.js"],"optionalArgs":[],"joinArgs":false} {"metadata":{"emulator":{"name":"ui"},"message":"Starting Emulator UI with command {\"binary\":\"node\",\"args\":[\"C:\\\\Users\\\\karim\\\\.cache\\\\firebase\\\\emulators\\\\ui-v1.11.7\\\\server\\\\server.js\"],\"optionalArgs\":[],\"joinArgs\":false}"}}
[info] i  ui: Emulator UI logging to ui-debug.log {"metadata":{"emulator":{"name":"ui"},"message":"Emulator UI logging to \u001b[1mui-debug.log\u001b[22m"}}
[debug] [2023-10-04T18:44:44.964Z] Web / API server started at 127.0.0.1:4000
 {"metadata":{"emulator":{"name":"ui"},"message":"Web / API server started at 127.0.0.1:4000\n"}}
[debug] [2023-10-04T18:44:44.964Z] Web / API server started at ::1:4000
 {"metadata":{"emulator":{"name":"ui"},"message":"Web / API server started at ::1:4000\n"}}
[info] i  functions: Watching "C:\Users\karim\Desktop\VSGit\amazon-ecommerce-clone\amazon-ecommerce-clone\functions" for Cloud Functions... {"metadata":{"emulator":{"name":"functions"},"message":"Watching \"C:\\Users\\karim\\Desktop\\VSGit\\amazon-ecommerce-clone\\amazon-ecommerce-clone\\functions\" for Cloud Functions..."}}
[debug] [2023-10-04T18:44:45.140Z] Validating nodejs source
[debug] [2023-10-04T18:44:47.889Z] > [functions] package.json contents: {
  "name": "functions",
  "description": "Cloud Functions for Firebase",
  "scripts": {
    "lint": "eslint .",
    "serve": "firebase emulators:start --only functions",
    "shell": "firebase functions:shell",
    "start": "npm run shell",
    "deploy": "firebase deploy --only functions",
    "logs": "firebase functions:log"
  },
  "engines": {
    "node": "18"
  },
  "main": "index.js",
  "dependencies": {
    "cors": "^2.8.5",
    "express": "^4.18.2",
    "firebase-admin": "^11.8.0",
    "firebase-functions": "^4.3.1",
    "stripe": "^13.8.0"
  },
  "devDependencies": {
    "eslint": "^8.15.0",
    "eslint-config-google": "^0.14.0",
    "firebase-functions-test": "^3.1.0"
  },
  "private": true
}
[debug] [2023-10-04T18:44:47.889Z] Building nodejs source
[debug] [2023-10-04T18:44:47.889Z] Failed to find version of module node: reached end of search path C:\Users\karim\Desktop\VSGit\amazon-ecommerce-clone\amazon-ecommerce-clone\functions\node_modules
[info] +  functions: Using node@18 from host. 
[debug] [2023-10-04T18:44:47.891Z] Could not find functions.yaml. Must use http discovery
[debug] [2023-10-04T18:44:47.897Z] Found firebase-functions binary at 'C:\Users\karim\Desktop\VSGit\amazon-ecommerce-clone\amazon-ecommerce-clone\functions\node_modules\.bin\firebase-functions'
[info] Serving at port 8745

[debug] [2023-10-04T18:44:48.220Z] Got response from /__/functions.yaml {"endpoints":{},"specVersion":"v1alpha1","requiredAPIs":[]}
[info] shutdown requested via /__/quitquitquit

[info] +  functions: Loaded functions definitions from source: . {"metadata":{"emulator":{"name":"functions"},"message":"Loaded functions definitions from source: ."}}
[info] 
┌─────────────────────────────────────────────────────────────┐
│ ✔  All emulators ready! It is now safe to connect your app. │
│ i  View Emulator UI at http://127.0.0.1:4000/               │
└─────────────────────────────────────────────────────────────┘

┌───────────┬────────────────┬─────────────────────────────────┐
│ Emulator  │ Host:Port      │ View in Emulator UI             │
├───────────┼────────────────┼─────────────────────────────────┤
│ Functions │ 127.0.0.1:5001 │ http://127.0.0.1:4000/functions │
├───────────┼────────────────┼─────────────────────────────────┤
│ Hosting   │ 127.0.0.1:5000 │ n/a                             │
└───────────┴────────────────┴─────────────────────────────────┘
  Emulator Hub running at 127.0.0.1:4400
  Other reserved ports: 4500

Issues? Report them at https://github.com/firebase/firebase-tools/issues and attach the *-debug.log files.
 
[debug] [2023-10-04T18:46:00.716Z] Functions emulator received unknown request at path /challenge-4b2b2/us-central1/api
[debug] [2023-10-04T18:46:00.751Z] Functions emulator received unknown request at path /favicon.ico
